Time Stamp               Iteration#  Bytes Already Moved  Bytes Left To Move  Bytes Being Moved
Jul 28, 2014 5:01:49 PM           0                  0 B             5.74 GB            9.79 GB
Jul 28, 2014 5:03:00 PM           1                  0 B             5.58 GB            9.79 GB
Jul 28, 2014 5:04:07 PM           2                  0 B             5.40 GB            9.79 GB
Jul 28, 2014 5:05:14 PM           3                  0 B             5.06 GB            9.79 GB
Jul 28, 2014 5:05:50 PM           4                  0 B             5.06 GB            9.79 GB
Jul 28, 2014 5:06:56 PM           5                  0 B             4.81 GB            9.79 GB
Jul 28, 2014 5:07:33 PM           6                  0 B             4.80 GB            9.79 GB
Jul 28, 2014 5:09:11 PM           7                  0 B             4.29 GB            9.79 GB
Jul 28, 2014 5:09:47 PM           8                  0 B             4.29 GB            9.79 GB
Jul 28, 2014 5:11:24 PM           9                  0 B             3.89 GB            9.79 GB
Jul 28, 2014 5:12:00 PM          10                  0 B             3.86 GB            9.79 GB
Jul 28, 2014 5:13:37 PM          11                  0 B             3.23 GB            9.79 GB
Jul 28, 2014 5:15:13 PM          12                  0 B             2.53 GB            9.79 GB
Jul 28, 2014 5:15:49 PM          13                  0 B             2.52 GB            9.79 GB
Jul 28, 2014 5:16:25 PM          14                  0 B             2.51 GB            9.79 GB
Jul 28, 2014 5:17:01 PM          15                  0 B             2.39 GB            9.79 GB
Jul 28, 2014 5:17:37 PM          16                  0 B             2.38 GB            9.79 GB
Jul 28, 2014 5:18:14 PM          17                  0 B             2.31 GB            9.79 GB
Jul 28, 2014 5:18:50 PM          18                  0 B             2.30 GB            9.79 GB
Jul 28, 2014 5:19:26 PM          19                  0 B             2.21 GB            9.79 GB
Jul 28, 2014 5:20:02 PM          20                  0 B             2.10 GB            9.79 GB
Jul 28, 2014 5:20:38 PM          21                  0 B             2.06 GB            9.79 GB
Jul 28, 2014 5:22:14 PM          22                  0 B             1.68 GB            9.79 GB
Jul 28, 2014 5:23:20 PM          23                  0 B             1.00 GB            9.79 GB
Jul 28, 2014 5:23:56 PM          24                  0 B          1016.16 MB            9.79 GB
Jul 28, 2014 5:25:33 PM          25                  0 B            30.55 MB            9.79 GB
The cluster is balanced. Exiting...
Balancing took 24.858033333333335 minutes
