0 info it worked if it ends with ok
1 verbose cli [ '/usr/local/node-v0.10.31-darwin-x86/bin/node',
1 verbose cli   '/usr/local/node-v0.10.31-darwin-x86/bin/npm',
1 verbose cli   'run',
1 verbose cli   'test-single-run' ]
2 info using npm@1.4.23
3 info using node@v0.10.31
4 verbose run-script [ 'pretest-single-run',
4 verbose run-script   'test-single-run',
4 verbose run-script   'posttest-single-run' ]
5 info pretest-single-run adminconsole@0.0.0
6 info test-single-run adminconsole@0.0.0
7 verbose unsafe-perm in lifecycle true
8 info adminconsole@0.0.0 Failed to exec test-single-run script
9 error adminconsole@0.0.0 test-single-run: `node node_modules/karma/bin/karma start test/karma.conf.js  --single-run`
9 error Exit status 8
10 error Failed at the adminconsole@0.0.0 test-single-run script.
10 error This is most likely a problem with the adminconsole package,
10 error not with npm itself.
10 error Tell the author that this fails on your system:
10 error     node node_modules/karma/bin/karma start test/karma.conf.js  --single-run
10 error You can get their info via:
10 error     npm owner ls adminconsole
10 error There is likely additional logging output above.
11 error System Darwin 17.5.0
12 error command "/usr/local/node-v0.10.31-darwin-x86/bin/node" "/usr/local/node-v0.10.31-darwin-x86/bin/npm" "run" "test-single-run"
13 error cwd /Users/avijayan/dev/git_repos/ambari_fork/ambari-admin/src/main/resources/ui/admin-web
14 error node -v v0.10.31
15 error npm -v 1.4.23
16 error code ELIFECYCLE
17 verbose exit [ 1, true ]
